# JRE version: OpenJDK Runtime Environment (11.0.15) (build 11.0.15+0-b2043.56-9505619)
# Java VM: OpenJDK 64-Bit Server VM (11.0.15+0-b2043.56-9505619, mixed mode, tiered, compressed oops, g1 gc, windows-amd64)
Heap:
 garbage-first heap   total 303104K, used 233041K [0x0000000080000000, 0x0000000100000000)
  region size 1024K, 9 young (9216K), 1 survivors (1024K)
 Metaspace       used 123091K, capacity 126718K, committed 126800K, reserved 1159168K
  class space    used 15286K, capacity 16603K, committed 16640K, reserved 1048576K
GC Heap History (20 events):
Event: 728.770 GC heap before
{Heap before GC invocations=91 (full 0):
 garbage-first heap   total 249856K, used 236195K [0x0000000080000000, 0x0000000100000000)
  region size 1024K, 12 young (12288K), 2 survivors (2048K)
 Metaspace       used 118309K, capacity 121831K, committed 122064K, reserved 1155072K
  class space    used 14920K, capacity 16196K, committed 16256K, reserved 1048576K
}
Event: 728.778 GC heap after
{Heap after GC invocations=92 (full 0):
 garbage-first heap   total 249856K, used 219530K [0x0000000080000000, 0x0000000100000000)
  region size 1024K, 2 young (2048K), 2 survivors (2048K)
 Metaspace       used 118309K, capacity 121831K, committed 122064K, reserved 1155072K
  class space    used 14920K, capacity 16196K, committed 16256K, reserved 1048576K
}
Event: 729.374 GC heap before
{Heap before GC invocations=92 (full 0):
 garbage-first heap   total 249856K, used 229770K [0x0000000080000000, 0x0000000100000000)
  region size 1024K, 12 young (12288K), 2 survivors (2048K)
 Metaspace       used 118339K, capacity 121831K, committed 122064K, reserved 1155072K
  class space    used 14920K, capacity 16196K, committed 16256K, reserved 1048576K
}
Event: 729.387 GC heap after
{Heap after GC invocations=93 (full 0):
 garbage-first heap   total 303104K, used 220424K [0x0000000080000000, 0x0000000100000000)
  region size 1024K, 2 young (2048K), 2 survivors (2048K)
 Metaspace       used 118339K, capacity 121831K, committed 122064K, reserved 1155072K
  class space    used 14920K, capacity 16196K, committed 16256K, reserved 1048576K
}
Event: 730.224 GC heap before
{Heap before GC invocations=93 (full 0):
 garbage-first heap   total 303104K, used 241928K [0x0000000080000000, 0x0000000100000000)
  region size 1024K, 23 young (23552K), 2 survivors (2048K)
 Metaspace       used 118469K, capacity 121963K, committed 122064K, reserved 1155072K
  class space    used 14928K, capacity 16197K, committed 16256K, reserved 1048576K
}
Event: 730.237 GC heap after
{Heap after GC invocations=94 (full 0):
 garbage-first heap   total 303104K, used 224809K [0x0000000080000000, 0x0000000100000000)
  region size 1024K, 3 young (3072K), 3 survivors (3072K)
 Metaspace       used 118469K, capacity 121963K, committed 122064K, reserved 1155072K
  class space    used 14928K, capacity 16197K, committed 16256K, reserved 1048576K
}
Event: 730.738 GC heap before
{Heap before GC invocations=94 (full 0):
 garbage-first heap   total 303104K, used 262697K [0x0000000080000000, 0x0000000100000000)
  region size 1024K, 24 young (24576K), 3 survivors (3072K)
 Metaspace       used 118799K, capacity 122288K, committed 122576K, reserved 1155072K
  class space    used 14949K, capacity 16209K, committed 16256K, reserved 1048576K
}
Event: 730.755 GC heap after
{Heap after GC invocations=95 (full 0):
 garbage-first heap   total 303104K, used 229376K [0x0000000080000000, 0x0000000100000000)
  region size 1024K, 3 young (3072K), 3 survivors (3072K)
 Metaspace       used 118799K, capacity 122288K, committed 122576K, reserved 1155072K
  class space    used 14949K, capacity 16209K, committed 16256K, reserved 1048576K
}
Event: 731.459 GC heap before
{Heap before GC invocations=96 (full 0):
 garbage-first heap   total 303104K, used 248832K [0x0000000080000000, 0x0000000100000000)
  region size 1024K, 23 young (23552K), 3 survivors (3072K)
 Metaspace       used 120624K, capacity 124229K, committed 124624K, reserved 1157120K
  class space    used 15096K, capacity 16396K, committed 16512K, reserved 1048576K
}
Event: 731.466 GC heap after
{Heap after GC invocations=97 (full 0):
 garbage-first heap   total 303104K, used 233018K [0x0000000080000000, 0x0000000100000000)
  region size 1024K, 3 young (3072K), 3 survivors (3072K)
 Metaspace       used 120624K, capacity 124229K, committed 124624K, reserved 1157120K
  class space    used 15096K, capacity 16396K, committed 16512K, reserved 1048576K
}
Event: 731.781 GC heap before
{Heap before GC invocations=97 (full 0):
 garbage-first heap   total 303104K, used 253498K [0x0000000080000000, 0x0000000100000000)
  region size 1024K, 23 young (23552K), 3 survivors (3072K)
 Metaspace       used 121869K, capacity 125413K, committed 125648K, reserved 1159168K
  class space    used 15199K, capacity 16492K, committed 16512K, reserved 1048576K
}
Event: 731.786 GC heap after
{Heap after GC invocations=98 (full 0):
 garbage-first heap   total 303104K, used 235827K [0x0000000080000000, 0x0000000100000000)
  region size 1024K, 3 young (3072K), 3 survivors (3072K)
 Metaspace       used 121869K, capacity 125413K, committed 125648K, reserved 1159168K
  class space    used 15199K, capacity 16492K, committed 16512K, reserved 1048576K
}
Event: 732.005 GC heap before
{Heap before GC invocations=98 (full 0):
 garbage-first heap   total 303104K, used 255283K [0x0000000080000000, 0x0000000100000000)
  region size 1024K, 22 young (22528K), 3 survivors (3072K)
 Metaspace       used 121971K, capacity 125549K, committed 125648K, reserved 1159168K
  class space    used 15202K, capacity 16492K, committed 16512K, reserved 1048576K
}
Event: 732.010 GC heap after
{Heap after GC invocations=99 (full 0):
 garbage-first heap   total 303104K, used 236950K [0x0000000080000000, 0x0000000100000000)
  region size 1024K, 2 young (2048K), 2 survivors (2048K)
 Metaspace       used 121971K, capacity 125549K, committed 125648K, reserved 1159168K
  class space    used 15202K, capacity 16492K, committed 16512K, reserved 1048576K
}
Event: 732.121 GC heap before
{Heap before GC invocations=99 (full 0):
 garbage-first heap   total 303104K, used 257430K [0x0000000080000000, 0x0000000100000000)
  region size 1024K, 22 young (22528K), 2 survivors (2048K)
 Metaspace       used 122363K, capacity 125901K, committed 126288K, reserved 1159168K
  class space    used 15234K, capacity 16524K, committed 16640K, reserved 1048576K
}
Event: 732.127 GC heap after
{Heap after GC invocations=100 (full 0):
 garbage-first heap   total 303104K, used 239232K [0x0000000080000000, 0x0000000100000000)
  region size 1024K, 3 young (3072K), 3 survivors (3072K)
 Metaspace       used 122363K, capacity 125901K, committed 126288K, reserved 1159168K
  class space    used 15234K, capacity 16524K, committed 16640K, reserved 1048576K
}
Event: 732.239 GC heap before
{Heap before GC invocations=100 (full 0):
 garbage-first heap   total 303104K, used 259712K [0x0000000080000000, 0x0000000100000000)
  region size 1024K, 23 young (23552K), 3 survivors (3072K)
 Metaspace       used 122884K, capacity 126480K, committed 126800K, reserved 1159168K
  class space    used 15274K, capacity 16589K, committed 16640K, reserved 1048576K
}
Event: 732.246 GC heap after
{Heap after GC invocations=101 (full 0):
 garbage-first heap   total 303104K, used 244597K [0x0000000080000000, 0x0000000100000000)
  region size 1024K, 3 young (3072K), 3 survivors (3072K)
 Metaspace       used 122884K, capacity 126480K, committed 126800K, reserved 1159168K
  class space    used 15274K, capacity 16589K, committed 16640K, reserved 1048576K
}
Event: 732.423 GC heap before
{Heap before GC invocations=101 (full 0):
 garbage-first heap   total 303104K, used 262005K [0x0000000080000000, 0x0000000100000000)
  region size 1024K, 20 young (20480K), 3 survivors (3072K)
 Metaspace       used 122951K, capacity 126484K, committed 126800K, reserved 1159168K
  class space    used 15274K, capacity 16589K, committed 16640K, reserved 1048576K
}
Event: 732.427 GC heap after
{Heap after GC invocations=102 (full 0):
 garbage-first heap   total 303104K, used 245329K [0x0000000080000000, 0x0000000100000000)
  region size 1024K, 1 young (1024K), 1 survivors (1024K)
 Metaspace       used 122951K, capacity 126484K, committed 126800K, reserved 1159168K
  class space    used 15274K, capacity 16589K, committed 16640K, reserved 1048576K
}

